-------------------------------------------------------------------------------
Test set: com.yugabyte.springdemo.YugabyteSpringApplicationTests
-------------------------------------------------------------------------------
Tests run: 1, Failures: 0, Errors: 1, Skipped: 0, Time elapsed: 6.04 s <<< FAILURE! - in com.yugabyte.springdemo.YugabyteSpringApplicationTests
contextLoads(com.yugabyte.springdemo.YugabyteSpringApplicationTests)  Time elapsed: 0 s  <<< ERROR!
java.lang.IllegalStateException: Failed to load ApplicationContext
Caused by: org.springframework.beans.factory.BeanCreationException: Error creating bean with name 'entityManagerFactory' defined in class path resource [org/springframework/boot/autoconfigure/orm/jpa/HibernateJpaConfiguration.class]: Invocation of init method failed; nested exception is java.lang.NoClassDefFoundError: org/hibernate/annotations/common/reflection/ClassLoaderDelegate
Caused by: java.lang.NoClassDefFoundError: org/hibernate/annotations/common/reflection/ClassLoaderDelegate
Caused by: java.lang.ClassNotFoundException: org.hibernate.annotations.common.reflection.ClassLoaderDelegate

